<?xml version="1.0" encoding="UTF-8" ?>
<testsuite errors="0" failures="1" hostname="wangyu-PC" name="org.netbeans.modules.compapp.catd.ConfiguredTest" tests="1" time="4.758" timestamp="2010-03-22T20:52:58">
  <properties>
[...]
</properties>
  <testcase classname="org.netbeans.modules.compapp.catd.ConfiguredTest" name="NoBookFound" time="4.668">
    <failure message="[2010-3-22 21:52:59] The response is not identical to the expected output." type="junit.framework.AssertionFailedError">junit.framework.AssertionFailedError: [2010-3-22 21:52:59] The response is not identical to the expected output.
	at org.netbeans.modules.compapp.catd.ConfiguredTest.checkExpectedOutput(ConfiguredTest.java:2240)
	at org.netbeans.modules.compapp.catd.ConfiguredTest.checkExpectedOutput(ConfiguredTest.java:2122)
	at org.netbeans.modules.compapp.catd.ConfiguredTest.testConcurrentSOAPRequest(ConfiguredTest.java:748)
</failure>
  </testcase>
  <system-out><![CDATA[{java.runtime.name=Java(TM) SE Runtime Environment, sun.boot.library.path=C:\Sun\SDK\jdk\jre\bin, java.vm.version=14.2-b01, java.vm.vendor=Sun Microsystems Inc., java.vendor.url=http://java.sun.com/, path.separator=;, java.vm.name=Java HotSpot(TM) Client VM, file.encoding.pkg=sun.io, sun.java.launcher=SUN_STANDARD, user.country=CN, sun.os.patch.level=, java.vm.specification.name=Java Virtual Machine Specification, user.dir=E:\Documents\NetBeansProjects\OnlineBookStoreComposite, java.runtime.version=1.6.0_16-b01, java.awt.graphicsenv=sun.awt.Win32GraphicsEnvironment, inDebug=${inDebug}, java.endorsed.dirs=C:\Sun\SDK\jdk\jre\lib\endorsed, os.arch=x86, java.io.tmpdir=C:\Users\wangyu\AppData\Local\Temp\, line.separator=
, java.vm.specification.vendor=Sun Microsystems Inc., user.variant=, os.name=Windows 7, sun.jnu.encoding=GBK, java.library.path=C:\Sun\SDK\jdk\jre\bin;.;C:\Windows\Sun\Java\bin;C:\Windows\system32;C:\Windows;C:\Program Files\PC Connectivity Solution\;C:\Windows\system32;C:\Windows;C:\Windows\System32\Wbem;C:\Windows\System32\WindowsPowerShell\v1.0\;C:\Program Files\Microsoft SQL Server\90\Tools\binn\;C:\Program Files\QuickTime\QTSystem\;C:\Program Files\Common Files\Thunder Network\KanKan\Codecs;C:\Program Files\TortoiseSVN\bin;C:\Sun\SDK\jdk\bin;C:\Sun\jwsdp-1.5\jwsdp-shared\bin;C:\Program Files\Java\jdk1.5.0_22\bin;C:\Sun\jwsdp-2.0\jwsdp-shared\bin;C:\Sun\SDK\jdk\bin;C:\Sun\SDK\bin;C:\Program Files\erl5.7.2\bin;C:\Program Files\IDM Computer Solutions\UltraEdit\;C:\Program Files\IDM Computer Solutions\UltraCompare\, java.specification.name=Java Platform API Specification, java.class.version=50.0, sun.management.compiler=HotSpot Client Compiler, os.version=6.1, user.home=E:, user.timezone=Europe/Berlin, java.awt.printerjob=sun.awt.windows.WPrinterJob, file.encoding=GBK, java.specification.version=1.6, java.class.path=D:\Program Files\NetBeans 6.5.1\soa2\modules\org-netbeans-modules-compapp-manager-jbi.jar;D:\Program Files\NetBeans 6.5.1\soa2\modules\org-netbeans-modules-compapp-projects-jbi.jar;D:\Program Files\NetBeans 6.5.1\soa2\modules\ext\jbi\jbi-admin-common.jar;D:\Program Files\NetBeans 6.5.1\soa2\modules\ext\jbi\catd.jar;D:\Program Files\NetBeans 6.5.1\java2\modules\ext\junit-3.8.2.jar;D:\Program Files\NetBeans 6.5.1\java2\modules\ext\jaxws21\api\saaj-api.jar;D:\Program Files\NetBeans 6.5.1\java2\modules\ext\jaxws21\saaj-impl.jar;D:\Program Files\NetBeans 6.5.1\java2\modules\ext\jaxws21\FastInfoset.jar;D:\Program Files\NetBeans 6.5.1\ide10\modules\org-netbeans-modules-editor-lib.jar;D:\Program Files\NetBeans 6.5.1\ide10\modules\org-netbeans-modules-editor.jar;D:\Program Files\NetBeans 6.5.1\ide10\modules\org-netbeans-modules-editor-util.jar;D:\Program Files\NetBeans 6.5.1\ide10\modules\org-netbeans-modules-editor-lib2.jar;D:\Program Files\NetBeans 6.5.1\ide10\modules\org-netbeans-modules-editor-indent.jar;D:\Program Files\NetBeans 6.5.1\ide10\modules\org-netbeans-modules-editor-plain.jar;D:\Program Files\NetBeans 6.5.1\ide10\modules\org-netbeans-modules-editor-plain-lib.jar;D:\Program Files\NetBeans 6.5.1\ide10\modules\org-netbeans-modules-editor-settings.jar;D:\Program Files\NetBeans 6.5.1\ide10\modules\org-netbeans-modules-editor-settings-storage.jar;D:\Program Files\NetBeans 6.5.1\ide10\modules\org-netbeans-modules-lexer.jar;D:\Program Files\NetBeans 6.5.1\ide10\modules\org-netbeans-modules-xml-core.jar;D:\Program Files\NetBeans 6.5.1\ide10\modules\org-netbeans-modules-xml-lexer.jar;D:\Program Files\NetBeans 6.5.1\ide10\modules\org-netbeans-modules-xml-text.jar;D:\Program Files\NetBeans 6.5.1\ide10\modules\org-netbeans-modules-xml-xdm.jar;D:\Program Files\NetBeans 6.5.1\ide10\modules\org-netbeans-modules-xml-xam.jar;D:\Program Files\NetBeans 6.5.1\ide10\modules\ext\jaxb\activation.jar;D:\Program Files\NetBeans 6.5.1\platform9\lib\org-openide-modules.jar;D:\Program Files\NetBeans 6.5.1\platform9\lib\org-openide-util.jar;D:\Program Files\NetBeans 6.5.1\platform9\modules\org-openide-options.jar;D:\Program Files\NetBeans 6.5.1\platform9\modules\org-openide-text.jar;D:\Program Files\NetBeans 6.5.1\platform9\modules\org-openide-loaders.jar;D:\Program Files\NetBeans 6.5.1\platform9\modules\org-openide-nodes.jar;D:\Program Files\NetBeans 6.5.1\platform9\modules\org-netbeans-modules-editor-mimelookup.jar;D:\Program Files\NetBeans 6.5.1\platform9\modules\org-netbeans-modules-editor-mimelookup-impl.jar;D:\Program Files\NetBeans 6.5.1\platform9\core\org-openide-filesystems.jar;E:\Documents\NetBeansProjects\OnlineBookStoreComposite;E:\Study\ID2209\JADE\JADE-all-3.7\jade\lib\jadeTools.jar;E:\Study\ID2209\JADE\JADE-all-3.7\jade\lib\http.jar;E:\Study\ID2209\JADE\JADE-all-3.7\jade\lib\jade.jar;C:\Program Files\Java\jre6\lib\ext\QTJava.zip;D:\Program Files\NetBeans 6.5.1\java2\ant\lib\ant-launcher.jar;D:\Program Files\NetBeans 6.5.1\java2\ant\lib\ant.jar;D:\Program Files\NetBeans 6.5.1\java2\ant\patches\72080.jar, user.name=wangyu, java.vm.specification.version=1.0, java.home=C:\Sun\SDK\jdk\jre, sun.arch.data.model=32, user.language=zh, java.specification.vendor=Sun Microsystems Inc., NetBeansUserDir=C:\Users\wangyu\.netbeans\6.5, awt.toolkit=sun.awt.windows.WToolkit, java.vm.info=mixed mode, java.version=1.6.0_16, java.ext.dirs=C:\Sun\SDK\jdk\jre\lib\ext;C:\Windows\Sun\Java\lib\ext, sun.boot.class.path=C:\Sun\SDK\jdk\jre\lib\resources.jar;C:\Sun\SDK\jdk\jre\lib\rt.jar;C:\Sun\SDK\jdk\jre\lib\sunrsasign.jar;C:\Sun\SDK\jdk\jre\lib\jsse.jar;C:\Sun\SDK\jdk\jre\lib\jce.jar;C:\Sun\SDK\jdk\jre\lib\charsets.jar;C:\Sun\SDK\jdk\jre\classes, java.vendor=Sun Microsystems Inc., file.separator=\, java.vendor.url.bug=http://java.sun.com/cgi-bin/bugreport.cgi, sun.io.unicode.encoding=UnicodeLittle, sun.cpu.endian=little, sun.desktop=windows, sun.cpu.isalist=}
Test NoBookFound\Concurrent.properties
Replace '${HttpDefaultPort}' in WSDL soap location by '10090' defined in sun-http-binding.
 Failed. (Destination: http://localhost:${HttpDefaultPort}/BookStoreService/BookStorePort)
]]></system-out>
  <system-err><![CDATA[]]></system-err>
</testsuite>
